android/app/build/intermediates/manifest_merge_blame_file/release/manifest-merger-blame-release-report.txt
1<?xml version="1.0" encoding="utf-8"?>
2<manifest xmlns:android="http://schemas.android.com/apk/res/android"
3    package="com.bookstreets"
4    android:versionCode="1"
5    android:versionName="1.0" >
6
7    <uses-sdk
8        android:minSdkVersion="21"
8-->src/main/AndroidManifest.xml
9        android:targetSdkVersion="33" />
9-->src/main/AndroidManifest.xml
10
11    <uses-permission android:name="android.permission.INTERNET" />
11-->src/main/AndroidManifest.xml:3:5-67
11-->src/main/AndroidManifest.xml:3:22-64
12    <uses-permission android:name="android.permission.CAMERA" />
12-->src/main/AndroidManifest.xml:4:6-66
12-->src/main/AndroidManifest.xml:4:23-63
13    <uses-permission android:name="android.permission.WRITE_EXTERNAL_STORAGE" />
13-->src/main/AndroidManifest.xml:5:6-81
13-->src/main/AndroidManifest.xml:5:23-79
14
15    <queries>
15-->[:react-native-image-crop-picker] AndroidManifest.xml:7:5-11:15
16        <intent>
16-->[:react-native-image-crop-picker] AndroidManifest.xml:8:9-10:18
17            <action android:name="android.media.action.IMAGE_CAPTURE" />
17-->[:react-native-image-crop-picker] AndroidManifest.xml:9:13-73
17-->[:react-native-image-crop-picker] AndroidManifest.xml:9:21-70
18        </intent>
19    </queries>
20
21    <uses-permission android:name="android.permission.READ_EXTERNAL_STORAGE" />
22
23    <application
23-->src/main/AndroidManifest.xml:8:5-27:19
24        android:name="com.bookstreets.MainApplication"
24-->src/main/AndroidManifest.xml:9:7-38
25        android:allowBackup="false"
25-->src/main/AndroidManifest.xml:13:7-34
26        android:appComponentFactory="androidx.core.app.CoreComponentFactory"
26-->[androidx.core:core:1.7.0] AndroidManifest.xml:24:18-86
27        android:icon="@mipmap/ic_launcher"
27-->src/main/AndroidManifest.xml:11:7-41
28        android:label="@string/app_name"
28-->src/main/AndroidManifest.xml:10:7-39
29        android:roundIcon="@mipmap/ic_launcher_round"
29-->src/main/AndroidManifest.xml:12:7-52
30        android:theme="@style/AppTheme" >
30-->src/main/AndroidManifest.xml:14:7-38
31        <activity
31-->src/main/AndroidManifest.xml:15:7-26:18
32            android:name="com.bookstreets.MainActivity"
32-->src/main/AndroidManifest.xml:16:9-37
33            android:configChanges="keyboard|keyboardHidden|orientation|screenLayout|screenSize|smallestScreenSize|uiMode"
33-->src/main/AndroidManifest.xml:18:9-118
34            android:exported="true"
34-->src/main/AndroidManifest.xml:21:9-32
35            android:label="@string/app_name"
35-->src/main/AndroidManifest.xml:17:9-41
36            android:launchMode="singleTask"
36-->src/main/AndroidManifest.xml:19:9-40
37            android:windowSoftInputMode="adjustResize" >
37-->src/main/AndroidManifest.xml:20:9-51
38            <intent-filter>
38-->src/main/AndroidManifest.xml:22:9-25:25
39                <action android:name="android.intent.action.MAIN" />
39-->src/main/AndroidManifest.xml:23:13-65
39-->src/main/AndroidManifest.xml:23:21-62
40
41                <category android:name="android.intent.category.LAUNCHER" />
41-->src/main/AndroidManifest.xml:24:13-73
41-->src/main/AndroidManifest.xml:24:23-70
42            </intent-filter>
43        </activity>
44
45        <provider
45-->[:react-native-image-crop-picker] AndroidManifest.xml:16:9-24:20
46            android:name="com.reactnative.ivpusic.imagepicker.IvpusicImagePickerFileProvider"
46-->[:react-native-image-crop-picker] AndroidManifest.xml:17:13-94
47            android:authorities="com.bookstreets.provider"
47-->[:react-native-image-crop-picker] AndroidManifest.xml:18:13-60
48            android:exported="false"
48-->[:react-native-image-crop-picker] AndroidManifest.xml:19:13-37
49            android:grantUriPermissions="true" >
49-->[:react-native-image-crop-picker] AndroidManifest.xml:20:13-47
50            <meta-data
50-->[:react-native-image-crop-picker] AndroidManifest.xml:21:13-23:78
51                android:name="android.support.FILE_PROVIDER_PATHS"
51-->[:react-native-image-crop-picker] AndroidManifest.xml:22:17-67
52                android:resource="@xml/ivpusic_imagepicker_provider_paths" />
52-->[:react-native-image-crop-picker] AndroidManifest.xml:23:17-75
53        </provider>
54
55        <activity
55-->[:react-native-image-crop-picker] AndroidManifest.xml:26:9-28:72
56            android:name="com.yalantis.ucrop.UCropActivity"
56-->[:react-native-image-crop-picker] AndroidManifest.xml:27:13-60
57            android:theme="@style/Theme.AppCompat.Light.NoActionBar" />
57-->[:react-native-image-crop-picker] AndroidManifest.xml:28:13-69
58
59        <provider
59-->[:react-native-image-picker] AndroidManifest.xml:8:9-16:20
60            android:name="com.imagepicker.ImagePickerProvider"
60-->[:react-native-image-picker] AndroidManifest.xml:9:13-63
61            android:authorities="com.bookstreets.imagepickerprovider"
61-->[:react-native-image-picker] AndroidManifest.xml:10:13-71
62            android:exported="false"
62-->[:react-native-image-picker] AndroidManifest.xml:11:13-37
63            android:grantUriPermissions="true" >
63-->[:react-native-image-picker] AndroidManifest.xml:12:13-47
64            <meta-data
64-->[:react-native-image-crop-picker] AndroidManifest.xml:21:13-23:78
65                android:name="android.support.FILE_PROVIDER_PATHS"
65-->[:react-native-image-crop-picker] AndroidManifest.xml:22:17-67
66                android:resource="@xml/imagepicker_provider_paths" />
66-->[:react-native-image-crop-picker] AndroidManifest.xml:23:17-75
67        </provider>
68        <provider
68-->[androidx.emoji2:emoji2:1.0.0] AndroidManifest.xml:26:9-34:20
69            android:name="androidx.startup.InitializationProvider"
69-->[androidx.emoji2:emoji2:1.0.0] AndroidManifest.xml:27:13-67
70            android:authorities="com.bookstreets.androidx-startup"
70-->[androidx.emoji2:emoji2:1.0.0] AndroidManifest.xml:28:13-68
71            android:exported="false" >
71-->[androidx.emoji2:emoji2:1.0.0] AndroidManifest.xml:29:13-37
72            <meta-data
72-->[androidx.emoji2:emoji2:1.0.0] AndroidManifest.xml:31:13-33:52
73                android:name="androidx.emoji2.text.EmojiCompatInitializer"
73-->[androidx.emoji2:emoji2:1.0.0] AndroidManifest.xml:32:17-75
74                android:value="androidx.startup" />
74-->[androidx.emoji2:emoji2:1.0.0] AndroidManifest.xml:33:17-49
75            <meta-data
75-->[androidx.lifecycle:lifecycle-process:2.4.0] AndroidManifest.xml:31:13-33:52
76                android:name="androidx.lifecycle.ProcessLifecycleInitializer"
76-->[androidx.lifecycle:lifecycle-process:2.4.0] AndroidManifest.xml:32:17-78
77                android:value="androidx.startup" />
77-->[androidx.lifecycle:lifecycle-process:2.4.0] AndroidManifest.xml:33:17-49
78        </provider>
79
80        <meta-data
80-->[com.facebook.soloader:soloader:0.10.5] AndroidManifest.xml:12:9-14:37
81            android:name="com.facebook.soloader.enabled"
81-->[com.facebook.soloader:soloader:0.10.5] AndroidManifest.xml:13:13-57
82            android:value="false" />
82-->[com.facebook.soloader:soloader:0.10.5] AndroidManifest.xml:14:13-34
83    </application>
84
85</manifest>